# JRE version: Java(TM) SE Runtime Environment (8.0_391) (build 1.8.0_391-b13)
# Java VM: Java HotSpot(TM) 64-Bit Server VM (25.391-b13 mixed mode windows-amd64 compressed oops)
Heap:
 PSYoungGen      total 574976K, used 89414K [0x000000070d580000, 0x0000000734b80000, 0x00000007c0000000)
  eden space 538624K, 12% used [0x000000070d580000,0x00000007119d74a8,0x000000072e380000)
  from space 36352K, 53% used [0x0000000732800000,0x0000000733afa520,0x0000000734b80000)
  to   space 53248K, 0% used [0x000000072e380000,0x000000072e380000,0x0000000731780000)
 ParOldGen       total 699392K, used 52279K [0x00000005a8000000, 0x00000005d2b00000, 0x000000070d580000)
  object space 699392K, 7% used [0x00000005a8000000,0x00000005ab30ddc8,0x00000005d2b00000)
 Metaspace       used 50429K, capacity 50887K, committed 51456K, reserved 1093632K
  class space    used 6962K, capacity 7112K, committed 7168K, reserved 1048576K
GC Heap History (10 events):
Event: 6.023 GC heap before
{Heap before GC invocations=4 (full 1):
 PSYoungGen      total 305664K, used 299832K [0x000000070d580000, 0x000000072a100000, 0x00000007c0000000)
  eden space 262144K, 100% used [0x000000070d580000,0x000000071d580000,0x000000071d580000)
  from space 43520K, 86% used [0x0000000720000000,0x00000007224ce060,0x0000000722a80000)
  to   space 43520K, 0% used [0x000000071d580000,0x000000071d580000,0x0000000720000000)
 ParOldGen       total 699392K, used 32262K [0x00000005a8000000, 0x00000005d2b00000, 0x000000070d580000)
  object space 699392K, 4% used [0x00000005a8000000,0x00000005a9f81820,0x00000005d2b00000)
 Metaspace       used 31938K, capacity 32309K, committed 32896K, reserved 1077248K
  class space    used 4003K, capacity 4105K, committed 4224K, reserved 1048576K
Event: 6.044 GC heap after
Heap after GC invocations=4 (full 1):
 PSYoungGen      total 305664K, used 43511K [0x000000070d580000, 0x0000000729f80000, 0x00000007c0000000)
  eden space 262144K, 0% used [0x000000070d580000,0x000000070d580000,0x000000071d580000)
  from space 43520K, 99% used [0x000000071d580000,0x000000071fffdc40,0x0000000720000000)
  to   space 43520K, 0% used [0x0000000727500000,0x0000000727500000,0x0000000729f80000)
 ParOldGen       total 699392K, used 35140K [0x00000005a8000000, 0x00000005d2b00000, 0x000000070d580000)
  object space 699392K, 5% used [0x00000005a8000000,0x00000005aa2513d0,0x00000005d2b00000)
 Metaspace       used 31938K, capacity 32309K, committed 32896K, reserved 1077248K
  class space    used 4003K, capacity 4105K, committed 4224K, reserved 1048576K
}
Event: 6.855 GC heap before
{Heap before GC invocations=5 (full 1):
 PSYoungGen      total 305664K, used 231906K [0x000000070d580000, 0x0000000729f80000, 0x00000007c0000000)
  eden space 262144K, 71% used [0x000000070d580000,0x0000000718d7aec8,0x000000071d580000)
  from space 43520K, 99% used [0x000000071d580000,0x000000071fffdc40,0x0000000720000000)
  to   space 43520K, 0% used [0x0000000727500000,0x0000000727500000,0x0000000729f80000)
 ParOldGen       total 699392K, used 35140K [0x00000005a8000000, 0x00000005d2b00000, 0x000000070d580000)
  object space 699392K, 5% used [0x00000005a8000000,0x00000005aa2513d0,0x00000005d2b00000)
 Metaspace       used 34764K, capacity 35133K, committed 35496K, reserved 1081344K
  class space    used 4444K, capacity 4565K, committed 4608K, reserved 1048576K
Event: 6.867 GC heap after
Heap after GC invocations=5 (full 1):
 PSYoungGen      total 425472K, used 25999K [0x000000070d580000, 0x000000072a600000, 0x00000007c0000000)
  eden space 381952K, 0% used [0x000000070d580000,0x000000070d580000,0x0000000724a80000)
  from space 43520K, 59% used [0x0000000727500000,0x0000000728e63fd0,0x0000000729f80000)
  to   space 43520K, 0% used [0x0000000724a80000,0x0000000724a80000,0x0000000727500000)
 ParOldGen       total 699392K, used 35148K [0x00000005a8000000, 0x00000005d2b00000, 0x000000070d580000)
  object space 699392K, 5% used [0x00000005a8000000,0x00000005aa2533d0,0x00000005d2b00000)
 Metaspace       used 34764K, capacity 35133K, committed 35496K, reserved 1081344K
  class space    used 4444K, capacity 4565K, committed 4608K, reserved 1048576K
}
Event: 6.867 GC heap before
{Heap before GC invocations=6 (full 2):
 PSYoungGen      total 425472K, used 25999K [0x000000070d580000, 0x000000072a600000, 0x00000007c0000000)
  eden space 381952K, 0% used [0x000000070d580000,0x000000070d580000,0x0000000724a80000)
  from space 43520K, 59% used [0x0000000727500000,0x0000000728e63fd0,0x0000000729f80000)
  to   space 43520K, 0% used [0x0000000724a80000,0x0000000724a80000,0x0000000727500000)
 ParOldGen       total 699392K, used 35148K [0x00000005a8000000, 0x00000005d2b00000, 0x000000070d580000)
  object space 699392K, 5% used [0x00000005a8000000,0x00000005aa2533d0,0x00000005d2b00000)
 Metaspace       used 34764K, capacity 35133K, committed 35496K, reserved 1081344K
  class space    used 4444K, capacity 4565K, committed 4608K, reserved 1048576K
Event: 6.917 GC heap after
Heap after GC invocations=6 (full 2):
 PSYoungGen      total 425472K, used 0K [0x000000070d580000, 0x000000072a600000, 0x00000007c0000000)
  eden space 381952K, 0% used [0x000000070d580000,0x000000070d580000,0x0000000724a80000)
  from space 43520K, 0% used [0x0000000727500000,0x0000000727500000,0x0000000729f80000)
  to   space 43520K, 0% used [0x0000000724a80000,0x0000000724a80000,0x0000000727500000)
 ParOldGen       total 699392K, used 52180K [0x00000005a8000000, 0x00000005d2b00000, 0x000000070d580000)
  object space 699392K, 7% used [0x00000005a8000000,0x00000005ab2f5168,0x00000005d2b00000)
 Metaspace       used 34764K, capacity 35133K, committed 35496K, reserved 1081344K
  class space    used 4444K, capacity 4565K, committed 4608K, reserved 1048576K
}
Event: 9.406 GC heap before
{Heap before GC invocations=7 (full 2):
 PSYoungGen      total 425472K, used 381952K [0x000000070d580000, 0x000000072a600000, 0x00000007c0000000)
  eden space 381952K, 100% used [0x000000070d580000,0x0000000724a80000,0x0000000724a80000)
  from space 43520K, 0% used [0x0000000727500000,0x0000000727500000,0x0000000729f80000)
  to   space 43520K, 0% used [0x0000000724a80000,0x0000000724a80000,0x0000000727500000)
 ParOldGen       total 699392K, used 52180K [0x00000005a8000000, 0x00000005d2b00000, 0x000000070d580000)
  object space 699392K, 7% used [0x00000005a8000000,0x00000005ab2f5168,0x00000005d2b00000)
 Metaspace       used 42135K, capacity 42595K, committed 43264K, reserved 1087488K
  class space    used 5630K, capacity 5762K, committed 5888K, reserved 1048576K
Event: 9.414 GC heap after
Heap after GC invocations=7 (full 2):
 PSYoungGen      total 425472K, used 12889K [0x000000070d580000, 0x0000000735d00000, 0x00000007c0000000)
  eden space 381952K, 0% used [0x000000070d580000,0x000000070d580000,0x0000000724a80000)
  from space 43520K, 29% used [0x0000000724a80000,0x0000000725716768,0x0000000727500000)
  to   space 54272K, 0% used [0x0000000732800000,0x0000000732800000,0x0000000735d00000)
 ParOldGen       total 699392K, used 52271K [0x00000005a8000000, 0x00000005d2b00000, 0x000000070d580000)
  object space 699392K, 7% used [0x00000005a8000000,0x00000005ab30bdc8,0x00000005d2b00000)
 Metaspace       used 42135K, capacity 42595K, committed 43264K, reserved 1087488K
  class space    used 5630K, capacity 5762K, committed 5888K, reserved 1048576K
}
Event: 12.929 GC heap before
{Heap before GC invocations=8 (full 2):
 PSYoungGen      total 425472K, used 394841K [0x000000070d580000, 0x0000000735d00000, 0x00000007c0000000)
  eden space 381952K, 100% used [0x000000070d580000,0x0000000724a80000,0x0000000724a80000)
  from space 43520K, 29% used [0x0000000724a80000,0x0000000725716768,0x0000000727500000)
  to   space 54272K, 0% used [0x0000000732800000,0x0000000732800000,0x0000000735d00000)
 ParOldGen       total 699392K, used 52271K [0x00000005a8000000, 0x00000005d2b00000, 0x000000070d580000)
  object space 699392K, 7% used [0x00000005a8000000,0x00000005ab30bdc8,0x00000005d2b00000)
 Metaspace       used 49148K, capacity 49639K, committed 50176K, reserved 1093632K
  class space    used 6752K, capacity 6888K, committed 6912K, reserved 1048576K
Event: 12.941 GC heap after
Heap after GC invocations=8 (full 2):
 PSYoungGen      total 574976K, used 19433K [0x000000070d580000, 0x0000000734b80000, 0x00000007c0000000)
  eden space 538624K, 0% used [0x000000070d580000,0x000000070d580000,0x000000072e380000)
  from space 36352K, 53% used [0x0000000732800000,0x0000000733afa520,0x0000000734b80000)
  to   space 53248K, 0% used [0x000000072e380000,0x000000072e380000,0x0000000731780000)
 ParOldGen       total 699392K, used 52279K [0x00000005a8000000, 0x00000005d2b00000, 0x000000070d580000)
  object space 699392K, 7% used [0x00000005a8000000,0x00000005ab30ddc8,0x00000005d2b00000)
 Metaspace       used 49148K, capacity 49639K, committed 50176K, reserved 1093632K
  class space    used 6752K, capacity 6888K, committed 6912K, reserved 1048576K
}

