# JRE version: Java(TM) SE Runtime Environment (8.0_391) (build 1.8.0_391-b13)
# Java VM: Java HotSpot(TM) 64-Bit Server VM (25.391-b13 mixed mode windows-amd64 compressed oops)
Heap:
 PSYoungGen      total 483840K, used 162510K [0x000000070d580000, 0x000000072f080000, 0x00000007c0000000)
  eden space 445440K, 32% used [0x000000070d580000,0x0000000716247cf0,0x0000000728880000)
  from space 38400K, 47% used [0x000000072cb00000,0x000000072dcebba0,0x000000072f080000)
  to   space 53248K, 0% used [0x0000000728880000,0x0000000728880000,0x000000072bc80000)
 ParOldGen       total 778240K, used 52177K [0x00000005a8000000, 0x00000005d7800000, 0x000000070d580000)
  object space 778240K, 6% used [0x00000005a8000000,0x00000005ab2f46e8,0x00000005d7800000)
 Metaspace       used 50406K, capacity 50887K, committed 51456K, reserved 1093632K
  class space    used 6961K, capacity 7112K, committed 7168K, reserved 1048576K
GC Heap History (10 events):
Event: 5.300 GC heap before
{Heap before GC invocations=4 (full 1):
 PSYoungGen      total 305664K, used 298507K [0x000000070d580000, 0x0000000727800000, 0x00000007c0000000)
  eden space 262144K, 100% used [0x000000070d580000,0x000000071d580000,0x000000071d580000)
  from space 43520K, 83% used [0x0000000720000000,0x0000000722382f90,0x0000000722a80000)
  to   space 43520K, 0% used [0x000000071d580000,0x000000071d580000,0x0000000720000000)
 ParOldGen       total 699392K, used 32253K [0x00000005a8000000, 0x00000005d2b00000, 0x000000070d580000)
  object space 699392K, 4% used [0x00000005a8000000,0x00000005a9f7f438,0x00000005d2b00000)
 Metaspace       used 31836K, capacity 32181K, committed 32640K, reserved 1077248K
  class space    used 3996K, capacity 4105K, committed 4224K, reserved 1048576K
Event: 5.316 GC heap after
Heap after GC invocations=4 (full 1):
 PSYoungGen      total 305664K, used 43506K [0x000000070d580000, 0x0000000727600000, 0x00000007c0000000)
  eden space 262144K, 0% used [0x000000070d580000,0x000000070d580000,0x000000071d580000)
  from space 43520K, 99% used [0x000000071d580000,0x000000071fffc9b0,0x0000000720000000)
  to   space 43520K, 0% used [0x0000000724b80000,0x0000000724b80000,0x0000000727600000)
 ParOldGen       total 699392K, used 35194K [0x00000005a8000000, 0x00000005d2b00000, 0x000000070d580000)
  object space 699392K, 5% used [0x00000005a8000000,0x00000005aa25ea88,0x00000005d2b00000)
 Metaspace       used 31836K, capacity 32181K, committed 32640K, reserved 1077248K
  class space    used 3996K, capacity 4105K, committed 4224K, reserved 1048576K
}
Event: 6.078 GC heap before
{Heap before GC invocations=5 (full 1):
 PSYoungGen      total 305664K, used 234947K [0x000000070d580000, 0x0000000727600000, 0x00000007c0000000)
  eden space 262144K, 73% used [0x000000070d580000,0x00000007190744f8,0x000000071d580000)
  from space 43520K, 99% used [0x000000071d580000,0x000000071fffc9b0,0x0000000720000000)
  to   space 43520K, 0% used [0x0000000724b80000,0x0000000724b80000,0x0000000727600000)
 ParOldGen       total 699392K, used 35194K [0x00000005a8000000, 0x00000005d2b00000, 0x000000070d580000)
  object space 699392K, 5% used [0x00000005a8000000,0x00000005aa25ea88,0x00000005d2b00000)
 Metaspace       used 34731K, capacity 35133K, committed 35496K, reserved 1081344K
  class space    used 4446K, capacity 4565K, committed 4608K, reserved 1048576K
Event: 6.087 GC heap after
Heap after GC invocations=5 (full 1):
 PSYoungGen      total 382976K, used 25877K [0x000000070d580000, 0x0000000727b80000, 0x00000007c0000000)
  eden space 339456K, 0% used [0x000000070d580000,0x000000070d580000,0x0000000722100000)
  from space 43520K, 59% used [0x0000000724b80000,0x00000007264c5720,0x0000000727600000)
  to   space 43520K, 0% used [0x0000000722100000,0x0000000722100000,0x0000000724b80000)
 ParOldGen       total 699392K, used 35202K [0x00000005a8000000, 0x00000005d2b00000, 0x000000070d580000)
  object space 699392K, 5% used [0x00000005a8000000,0x00000005aa260a88,0x00000005d2b00000)
 Metaspace       used 34731K, capacity 35133K, committed 35496K, reserved 1081344K
  class space    used 4446K, capacity 4565K, committed 4608K, reserved 1048576K
}
Event: 6.087 GC heap before
{Heap before GC invocations=6 (full 2):
 PSYoungGen      total 382976K, used 25877K [0x000000070d580000, 0x0000000727b80000, 0x00000007c0000000)
  eden space 339456K, 0% used [0x000000070d580000,0x000000070d580000,0x0000000722100000)
  from space 43520K, 59% used [0x0000000724b80000,0x00000007264c5720,0x0000000727600000)
  to   space 43520K, 0% used [0x0000000722100000,0x0000000722100000,0x0000000724b80000)
 ParOldGen       total 699392K, used 35202K [0x00000005a8000000, 0x00000005d2b00000, 0x000000070d580000)
  object space 699392K, 5% used [0x00000005a8000000,0x00000005aa260a88,0x00000005d2b00000)
 Metaspace       used 34731K, capacity 35133K, committed 35496K, reserved 1081344K
  class space    used 4446K, capacity 4565K, committed 4608K, reserved 1048576K
Event: 6.122 GC heap after
Heap after GC invocations=6 (full 2):
 PSYoungGen      total 382976K, used 0K [0x000000070d580000, 0x0000000727b80000, 0x00000007c0000000)
  eden space 339456K, 0% used [0x000000070d580000,0x000000070d580000,0x0000000722100000)
  from space 43520K, 0% used [0x0000000724b80000,0x0000000724b80000,0x0000000727600000)
  to   space 43520K, 0% used [0x0000000722100000,0x0000000722100000,0x0000000724b80000)
 ParOldGen       total 778240K, used 52078K [0x00000005a8000000, 0x00000005d7800000, 0x000000070d580000)
  object space 778240K, 6% used [0x00000005a8000000,0x00000005ab2dba88,0x00000005d7800000)
 Metaspace       used 34731K, capacity 35133K, committed 35496K, reserved 1081344K
  class space    used 4446K, capacity 4565K, committed 4608K, reserved 1048576K
}
Event: 8.007 GC heap before
{Heap before GC invocations=7 (full 2):
 PSYoungGen      total 382976K, used 339456K [0x000000070d580000, 0x0000000727b80000, 0x00000007c0000000)
  eden space 339456K, 100% used [0x000000070d580000,0x0000000722100000,0x0000000722100000)
  from space 43520K, 0% used [0x0000000724b80000,0x0000000724b80000,0x0000000727600000)
  to   space 43520K, 0% used [0x0000000722100000,0x0000000722100000,0x0000000724b80000)
 ParOldGen       total 778240K, used 52078K [0x00000005a8000000, 0x00000005d7800000, 0x000000070d580000)
  object space 778240K, 6% used [0x00000005a8000000,0x00000005ab2dba88,0x00000005d7800000)
 Metaspace       used 40013K, capacity 40515K, committed 41088K, reserved 1085440K
  class space    used 5339K, capacity 5474K, committed 5504K, reserved 1048576K
Event: 8.013 GC heap after
Heap after GC invocations=7 (full 2):
 PSYoungGen      total 382976K, used 11514K [0x000000070d580000, 0x000000072ff80000, 0x00000007c0000000)
  eden space 339456K, 0% used [0x000000070d580000,0x000000070d580000,0x0000000722100000)
  from space 43520K, 26% used [0x0000000722100000,0x0000000722c3ea80,0x0000000724b80000)
  to   space 53760K, 0% used [0x000000072cb00000,0x000000072cb00000,0x000000072ff80000)
 ParOldGen       total 778240K, used 52105K [0x00000005a8000000, 0x00000005d7800000, 0x000000070d580000)
  object space 778240K, 6% used [0x00000005a8000000,0x00000005ab2e26d8,0x00000005d7800000)
 Metaspace       used 40013K, capacity 40515K, committed 41088K, reserved 1085440K
  class space    used 5339K, capacity 5474K, committed 5504K, reserved 1048576K
}
Event: 11.359 GC heap before
{Heap before GC invocations=8 (full 2):
 PSYoungGen      total 382976K, used 350970K [0x000000070d580000, 0x000000072ff80000, 0x00000007c0000000)
  eden space 339456K, 100% used [0x000000070d580000,0x0000000722100000,0x0000000722100000)
  from space 43520K, 26% used [0x0000000722100000,0x0000000722c3ea80,0x0000000724b80000)
  to   space 53760K, 0% used [0x000000072cb00000,0x000000072cb00000,0x000000072ff80000)
 ParOldGen       total 778240K, used 52105K [0x00000005a8000000, 0x00000005d7800000, 0x000000070d580000)
  object space 778240K, 6% used [0x00000005a8000000,0x00000005ab2e26d8,0x00000005d7800000)
 Metaspace       used 47657K, capacity 48097K, committed 48640K, reserved 1091584K
  class space    used 6499K, capacity 6631K, committed 6656K, reserved 1048576K
Event: 11.367 GC heap after
Heap after GC invocations=8 (full 2):
 PSYoungGen      total 483840K, used 18350K [0x000000070d580000, 0x000000072f080000, 0x00000007c0000000)
  eden space 445440K, 0% used [0x000000070d580000,0x000000070d580000,0x0000000728880000)
  from space 38400K, 47% used [0x000000072cb00000,0x000000072dcebba0,0x000000072f080000)
  to   space 53248K, 0% used [0x0000000728880000,0x0000000728880000,0x000000072bc80000)
 ParOldGen       total 778240K, used 52177K [0x00000005a8000000, 0x00000005d7800000, 0x000000070d580000)
  object space 778240K, 6% used [0x00000005a8000000,0x00000005ab2f46e8,0x00000005d7800000)
 Metaspace       used 47657K, capacity 48097K, committed 48640K, reserved 1091584K
  class space    used 6499K, capacity 6631K, committed 6656K, reserved 1048576K
}

